mode: set
github.com/gobuffalo/flect/titleize.go:8.32,10.2 1 1
github.com/gobuffalo/flect/titleize.go:12.34,14.31 2 1
github.com/gobuffalo/flect/titleize.go:22.2,22.33 1 1
github.com/gobuffalo/flect/titleize.go:14.31,17.20 3 1
github.com/gobuffalo/flect/titleize.go:20.3,20.27 1 1
github.com/gobuffalo/flect/titleize.go:17.20,19.4 1 1
github.com/gobuffalo/flect/underscore.go:8.34,10.2 1 1
github.com/gobuffalo/flect/underscore.go:12.36,14.31 2 1
github.com/gobuffalo/flect/underscore.go:25.2,25.48 1 1
github.com/gobuffalo/flect/underscore.go:14.31,16.26 2 1
github.com/gobuffalo/flect/underscore.go:21.3,21.14 1 1
github.com/gobuffalo/flect/underscore.go:16.26,17.49 1 1
github.com/gobuffalo/flect/underscore.go:17.49,19.5 1 1
github.com/gobuffalo/flect/underscore.go:21.14,23.4 1 1
github.com/gobuffalo/flect/camelize.go:8.32,10.2 1 1
github.com/gobuffalo/flect/camelize.go:12.34,14.31 2 1
github.com/gobuffalo/flect/camelize.go:35.2,35.30 1 1
github.com/gobuffalo/flect/camelize.go:14.31,17.26 3 1
github.com/gobuffalo/flect/camelize.go:31.3,31.14 1 1
github.com/gobuffalo/flect/camelize.go:17.26,18.49 1 1
github.com/gobuffalo/flect/camelize.go:18.49,19.15 1 1
github.com/gobuffalo/flect/camelize.go:23.5,23.16 1 1
github.com/gobuffalo/flect/camelize.go:28.5,28.19 1 1
github.com/gobuffalo/flect/camelize.go:19.15,21.14 2 1
github.com/gobuffalo/flect/camelize.go:23.16,26.14 3 1
github.com/gobuffalo/flect/camelize.go:31.14,33.4 1 1
github.com/gobuffalo/flect/capitalize.go:5.34,7.2 1 1
github.com/gobuffalo/flect/capitalize.go:9.36,11.23 2 1
github.com/gobuffalo/flect/capitalize.go:14.2,15.25 2 1
github.com/gobuffalo/flect/capitalize.go:18.2,18.10 1 1
github.com/gobuffalo/flect/capitalize.go:11.23,13.3 1 1
github.com/gobuffalo/flect/capitalize.go:15.25,17.3 1 1
github.com/gobuffalo/flect/ident.go:15.32,17.2 1 0
github.com/gobuffalo/flect/ident.go:19.26,26.2 2 1
github.com/gobuffalo/flect/ident.go:30.33,33.17 3 1
github.com/gobuffalo/flect/ident.go:36.2,36.54 1 1
github.com/gobuffalo/flect/ident.go:41.2,43.22 3 1
github.com/gobuffalo/flect/ident.go:82.2,84.14 2 1
github.com/gobuffalo/flect/ident.go:33.17,35.3 1 1
github.com/gobuffalo/flect/ident.go:36.54,37.31 1 1
github.com/gobuffalo/flect/ident.go:37.31,39.4 1 1
github.com/gobuffalo/flect/ident.go:43.22,57.25 2 1
github.com/gobuffalo/flect/ident.go:61.3,61.17 1 1
github.com/gobuffalo/flect/ident.go:67.3,67.51 1 1
github.com/gobuffalo/flect/ident.go:73.3,73.82 1 1
github.com/gobuffalo/flect/ident.go:78.3,80.11 3 1
github.com/gobuffalo/flect/ident.go:57.25,58.12 1 0
github.com/gobuffalo/flect/ident.go:61.17,65.12 4 1
github.com/gobuffalo/flect/ident.go:67.51,71.12 4 1
github.com/gobuffalo/flect/ident.go:73.82,76.12 3 1
github.com/gobuffalo/flect/ident.go:89.27,90.27 1 1
github.com/gobuffalo/flect/ident.go:95.2,95.27 1 1
github.com/gobuffalo/flect/ident.go:90.27,91.13 1 1
github.com/gobuffalo/flect/ident.go:91.13,93.4 1 1
github.com/gobuffalo/flect/ident.go:98.49,99.23 1 1
github.com/gobuffalo/flect/ident.go:115.2,115.10 1 1
github.com/gobuffalo/flect/ident.go:99.23,101.28 2 1
github.com/gobuffalo/flect/ident.go:104.3,104.55 1 1
github.com/gobuffalo/flect/ident.go:111.3,111.14 1 1
github.com/gobuffalo/flect/ident.go:101.28,103.4 1 1
github.com/gobuffalo/flect/ident.go:104.55,105.32 1 1
github.com/gobuffalo/flect/ident.go:108.4,109.9 2 1
github.com/gobuffalo/flect/ident.go:105.32,106.13 1 1
github.com/gobuffalo/flect/ident.go:111.14,113.4 1 1
github.com/gobuffalo/flect/pascalize.go:7.33,9.2 1 1
github.com/gobuffalo/flect/pascalize.go:11.35,13.17 2 1
github.com/gobuffalo/flect/pascalize.go:16.2,16.52 1 1
github.com/gobuffalo/flect/pascalize.go:13.17,15.3 1 1
github.com/gobuffalo/flect/pluralize.go:8.33,10.2 1 1
github.com/gobuffalo/flect/pluralize.go:13.32,15.2 1 1
github.com/gobuffalo/flect/pluralize.go:18.31,19.16 1 1
github.com/gobuffalo/flect/pluralize.go:25.2,26.18 2 0
github.com/gobuffalo/flect/pluralize.go:19.16,21.23 2 1
github.com/gobuffalo/flect/pluralize.go:21.23,23.4 1 1
github.com/gobuffalo/flect/pluralize.go:29.32,31.2 1 0
github.com/gobuffalo/flect/pluralize.go:34.31,35.16 1 1
github.com/gobuffalo/flect/pluralize.go:41.2,42.18 2 1
github.com/gobuffalo/flect/pluralize.go:35.16,37.23 2 1
github.com/gobuffalo/flect/pluralize.go:37.23,39.4 1 1
github.com/gobuffalo/flect/pluralize.go:46.32,49.2 2 1
github.com/gobuffalo/flect/pluralize.go:52.32,55.2 2 0
github.com/gobuffalo/flect/pluralize.go:58.32,61.2 2 1
github.com/gobuffalo/flect/pluralize.go:63.27,64.11 1 1
github.com/gobuffalo/flect/pluralize.go:68.2,68.14 1 1
github.com/gobuffalo/flect/pluralize.go:65.31,66.14 1 1
github.com/gobuffalo/flect/pluralize.go:71.32,74.2 2 1
github.com/gobuffalo/flect/pluralize.go:81.28,81.40 1 1
github.com/gobuffalo/flect/pluralize.go:105.35,106.23 1 1
github.com/gobuffalo/flect/pluralize.go:109.2,111.39 3 1
github.com/gobuffalo/flect/pluralize.go:114.2,115.39 2 1
github.com/gobuffalo/flect/pluralize.go:120.2,120.32 1 1
github.com/gobuffalo/flect/pluralize.go:128.2,128.35 1 1
github.com/gobuffalo/flect/pluralize.go:131.2,132.33 2 1
github.com/gobuffalo/flect/pluralize.go:106.23,108.3 1 1
github.com/gobuffalo/flect/pluralize.go:111.39,113.3 1 1
github.com/gobuffalo/flect/pluralize.go:115.39,118.3 2 1
github.com/gobuffalo/flect/pluralize.go:120.32,121.40 1 1
github.com/gobuffalo/flect/pluralize.go:121.40,124.4 2 1
github.com/gobuffalo/flect/pluralize.go:128.35,130.3 1 1
github.com/gobuffalo/flect/pluralize.go:254.13,255.35 1 1
github.com/gobuffalo/flect/pluralize.go:255.35,257.3 1 1
